<?xml version="1.0" encoding="UTF-8"?>
<testng-results ignored="0" total="1" passed="1" failed="0" skipped="0">
  <reporter-output>
    <line>
      <![CDATA[Setting up reports , test is getting ready....]]>
    </line>
    <line>
      <![CDATA[Setting done , test can be started....]]>
    </line>
    <line>
      <![CDATA[Trying to start browser  getting application ready....]]>
    </line>
    <line>
      <![CDATA[Browser & Application is up & running....]]>
    </line>
    <line>
      <![CDATA[Test is about to end....]]>
    </line>
    <line>
      <![CDATA[Test completed & reports generated....]]>
    </line>
  </reporter-output>
  <suite started-at="2024-12-17T16:41:41 IST" name="Suite" finished-at="2024-12-17T16:41:48 IST" duration-ms="7082">
    <groups>
    </groups>
    <test started-at="2024-12-17T16:41:41 IST" name="Test" finished-at="2024-12-17T16:41:48 IST" duration-ms="7082">
      <class name="testCases.LoginTest">
        <test-method is-config="true" signature="setUpSuite()[pri:0, instance:testCases.LoginTest@20d525]" started-at="2024-12-17T16:41:40 IST" name="setUpSuite" finished-at="2024-12-17T16:41:41 IST" duration-ms="737" status="PASS">
          <reporter-output>
            <line>
              <![CDATA[Setting up reports , test is getting ready....]]>
            </line>
            <line>
              <![CDATA[Setting done , test can be started....]]>
            </line>
          </reporter-output>
        </test-method> <!-- setUpSuite -->
        <test-method is-config="true" signature="setupApp()[pri:0, instance:testCases.LoginTest@20d525]" started-at="2024-12-17T16:41:41 IST" name="setupApp" finished-at="2024-12-17T16:41:46 IST" duration-ms="5107" status="PASS">
          <reporter-output>
            <line>
              <![CDATA[Trying to start browser  getting application ready....]]>
            </line>
            <line>
              <![CDATA[Browser & Application is up & running....]]>
            </line>
          </reporter-output>
        </test-method> <!-- setupApp -->
        <test-method signature="loginApp()[pri:0, instance:testCases.LoginTest@20d525]" started-at="2024-12-17T16:41:46 IST" name="loginApp" finished-at="2024-12-17T16:41:47 IST" duration-ms="1202" status="PASS">
          <reporter-output>
          </reporter-output>
        </test-method> <!-- loginApp -->
        <test-method is-config="true" signature="tearDownMethod(org.testng.ITestResult)[pri:0, instance:testCases.LoginTest@20d525]" started-at="2024-12-17T16:41:47 IST" name="tearDownMethod" finished-at="2024-12-17T16:41:48 IST" duration-ms="611" status="PASS">
          <params>
            <param index="0">
              <value>
                <![CDATA[[TestResult name=loginApp status=SUCCESS method=LoginTest.loginApp()[pri:0, instance:testCases.LoginTest@20d525] output={null}]]]>
              </value>
            </param>
          </params>
          <reporter-output>
            <line>
              <![CDATA[Test is about to end....]]>
            </line>
            <line>
              <![CDATA[Test completed & reports generated....]]>
            </line>
          </reporter-output>
        </test-method> <!-- tearDownMethod -->
        <test-method is-config="true" signature="tearDown()[pri:0, instance:testCases.LoginTest@20d525]" started-at="2024-12-17T16:41:48 IST" name="tearDown" finished-at="2024-12-17T16:41:48 IST" duration-ms="129" status="PASS">
          <reporter-output>
          </reporter-output>
        </test-method> <!-- tearDown -->
      </class> <!-- testCases.LoginTest -->
    </test> <!-- Test -->
  </suite> <!-- Suite -->
</testng-results>
